<?xml version="1.0" encoding="utf-8"?><testsuites name="pytest tests"><testsuite name="pytest" errors="0" failures="0" skipped="0" tests="20" time="55.864" timestamp="2026-05-04T14:28:21.006445+02:00" hostname="Matejs-MacBook-Pro.local"><testcase classname="tests.test_auth_rbac" name="test_login_and_me" time="2.942" /><testcase classname="tests.test_auth_rbac" name="test_players_requires_auth" time="2.970" /><testcase classname="tests.test_auth_rbac" name="test_assistant_cannot_create_or_delete_player" time="2.987" /><testcase classname="tests.test_auth_rbac" name="test_coach_cannot_create_duplicate_jersey_in_same_season" time="3.021" /><testcase classname="tests.test_club_api" name="test_get_club" time="2.600" /><testcase classname="tests.test_club_api" name="test_coach_can_update_club" time="2.637" /><testcase classname="tests.test_club_api" name="test_assistant_cannot_update_club" time="2.622" /><testcase classname="tests.test_import_export" name="test_export_players_csv" time="3.162" /><testcase classname="tests.test_import_export" name="test_import_players_csv_upserts_by_jersey" time="2.686" /><testcase classname="tests.test_lineup_substitutions" name="test_lineup_rejects_duplicate_player" time="2.472" /><testcase classname="tests.test_lineup_substitutions" name="test_lineup_rejects_duplicate_jersey" time="2.782" /><testcase classname="tests.test_lineup_substitutions" name="test_substitution_valid" time="2.665" /><testcase classname="tests.test_lineup_substitutions" name="test_event_validation_invalid_event_type" time="2.473" /><testcase classname="tests.test_lineup_substitutions" name="test_event_validation_invalid_delta" time="2.364" /><testcase classname="tests.test_live_events_stats" name="test_add_event_updates_roster_stats" time="3.428" /><testcase classname="tests.test_live_events_stats" name="test_events_require_match_live" time="2.481" /><testcase classname="tests.test_ratings_analytics" name="test_save_and_list_ratings" time="2.600" /><testcase classname="tests.test_ratings_analytics" name="test_leaderboards_and_player_performance" time="3.435" /><testcase classname="tests.test_team_analytics" name="test_team_stats_games_is_distinct_matches_not_player_rows" time="3.086" /><testcase classname="tests.test_team_analytics" name="test_team_matches_breakdown_one_row_per_match" time="2.345" /></testsuite></testsuites>